<?xml version="1.0" encoding="UTF-8" standalone="no"?>
<testsuite errors="0" failures="0" name="io.cucumber.core.plugin.JUnitFormatter" skipped="0" tests="10" time="3.859">
    <testcase classname="retrieve capital by country code in an iterative way" name="Get capital by country code" time="1.765">
        <system-out>
            <![CDATA[Given I have access to country code api.....................................passed
When I provide the country code as "lb".....................................passed
Then I expect the capital as "Beirut" and status code a 200 and I expect to see error message as "".passed
]]>
        </system-out>
    </testcase>
    <testcase classname="retrieve capital by country code in an iterative way" name="Get capital by country code 2" time="0.156">
        <system-out>
            <![CDATA[Given I have access to country code api.....................................passed
When I provide the country code as "lb123"..................................passed
Then I expect the capital as "" and status code a 400 and I expect to see error message as "Bad Request".passed
]]>
        </system-out>
    </testcase>
    <testcase classname="retrieve capital by country code in an iterative way" name="Get capital by country code 3" time="0.156">
        <system-out>
            <![CDATA[Given I have access to country code api.....................................passed
When I provide the country code as "afg"....................................passed
Then I expect the capital as "Kabul" and status code a 200 and I expect to see error message as "".passed
]]>
        </system-out>
    </testcase>
    <testcase classname="retrieve capital by country code in an iterative way" name="Get capital by country code 4" time="0.156">
        <system-out>
            <![CDATA[Given I have access to country code api.....................................passed
When I provide the country code as "afgblablabla"...........................passed
Then I expect the capital as "" and status code a 400 and I expect to see error message as "Bad Request".passed
]]>
        </system-out>
    </testcase>
    <testcase classname="retrieve capital by country name in an iterative way" name="Get capital by country name" time="0.171">
        <system-out>
            <![CDATA[Given I have access to country name api.....................................passed
When I provide the country name as "Lebanon"................................passed
Then I expect the capital as "Beirut" and status code as 200 and I expect to see error message as "".passed
]]>
        </system-out>
    </testcase>
    <testcase classname="retrieve capital by country name in an iterative way" name="Get capital by country name 2" time="0.125">
        <system-out>
            <![CDATA[Given I have access to country name api.....................................passed
When I provide the country name as "Lebanon123".............................passed
Then I expect the capital as "" and status code as 404 and I expect to see error message as "Not Found".passed
]]>
        </system-out>
    </testcase>
    <testcase classname="retrieve capital by country name in an iterative way" name="Get capital by country name 3" time="0.171">
        <system-out>
            <![CDATA[Given I have access to country name api.....................................passed
When I provide the country name as "Afghanistan"............................passed
Then I expect the capital as "Kabul" and status code as 200 and I expect to see error message as "NONE".passed
]]>
        </system-out>
    </testcase>
    <testcase classname="retrieve capital by country name in an iterative way" name="Get capital by country name 4" time="0.156">
        <system-out>
            <![CDATA[Given I have access to country name api.....................................passed
When I provide the country name as "Afghanistan123".........................passed
Then I expect the capital as "KNONEabul" and status code as 404 and I expect to see error message as "Not Found".passed
]]>
        </system-out>
    </testcase>
    <testcase classname="retrieve capital by country name in an iterative way" name="Get capital by country name 5" time="0.124">
        <system-out>
            <![CDATA[Given I have access to country name api.....................................passed
When I provide the country name as "Angola".................................passed
Then I expect the capital as "Luanda" and status code as 200 and I expect to see error message as "".passed
]]>
        </system-out>
    </testcase>
    <testcase classname="retrieve capital by country name in an iterative way" name="Get capital by country name 6" time="0.109">
        <system-out>
            <![CDATA[Given I have access to country name api.....................................passed
When I provide the country name as "Angola 111".............................passed
Then I expect the capital as "Luanda" and status code as 404 and I expect to see error message as "Not Found".passed
]]>
        </system-out>
    </testcase>
</testsuite>
